<?xml version="1.0" encoding="UTF-8"?>
<!-- Generated by org.testng.reporters.JUnitXMLReporter -->
<testsuite ignored="0" hostname="LAPTOP-0STQ7AK3" failures="0" tests="4" name="Test" time="19.321" errors="0" timestamp="2023-06-18T18:00:29 EDT">
  <testcase classname="io.cucumber.testng.AbstractTestNGCucumberTests" name="runScenario" time="6.718"/>
  <testcase classname="io.cucumber.testng.AbstractTestNGCucumberTests" name="runScenario" time="5.076"/>
  <testcase classname="io.cucumber.testng.AbstractTestNGCucumberTests" name="runScenario" time="6.363"/>
  <testcase classname="com.testrun.CucumberRunner" name="test1" time="0.002"/>
</testsuite> <!-- Test -->
