<?xml version="1.0" encoding="UTF-8"?>
<testng-results ignored="0" total="4" passed="4" failed="0" skipped="0">
  <reporter-output>
  </reporter-output>
  <suite started-at="2023-06-27T16:24:24 EDT" name="Suite" finished-at="2023-06-27T16:24:35 EDT" duration-ms="11120">
    <groups>
      <group name="cucumber">
        <method signature="AbstractTestNGCucumberTests.runScenario(io.cucumber.testng.PickleWrapper,io.cucumber.testng.FeatureWrapper)[pri:0, instance:com.testrun.CucumberRunner@f0c8a99]" name="runScenario" class="io.cucumber.testng.AbstractTestNGCucumberTests"/>
      </group> <!-- cucumber -->
    </groups>
    <test started-at="2023-06-27T16:24:24 EDT" name="Test" finished-at="2023-06-27T16:24:35 EDT" duration-ms="11120">
      <class name="com.testrun.CucumberRunner">
        <test-method is-config="true" signature="setup()[pri:0, instance:com.testrun.CucumberRunner@f0c8a99]" started-at="2023-06-27T16:24:24 EDT" name="setup" finished-at="2023-06-27T16:24:24 EDT" duration-ms="9" status="PASS">
          <reporter-output>
          </reporter-output>
        </test-method> <!-- setup -->
        <test-method is-config="true" signature="setUpClass(org.testng.ITestContext)[pri:0, instance:com.testrun.CucumberRunner@f0c8a99]" started-at="2023-06-27T16:24:24 EDT" name="setUpClass" finished-at="2023-06-27T16:24:24 EDT" duration-ms="216" status="PASS">
          <params>
            <param index="0">
              <value>
                <![CDATA[org.testng.TestRunner@1934ad7c]]>
              </value>
            </param>
          </params>
          <reporter-output>
          </reporter-output>
        </test-method> <!-- setUpClass -->
        <test-method signature="test1()[pri:0, instance:com.testrun.CucumberRunner@f0c8a99]" started-at="2023-06-27T16:24:24 EDT" name="test1" finished-at="2023-06-27T16:24:24 EDT" duration-ms="1" status="PASS">
          <reporter-output>
          </reporter-output>
        </test-method> <!-- test1 -->
        <test-method signature="runScenario(io.cucumber.testng.PickleWrapper,io.cucumber.testng.FeatureWrapper)[pri:0, instance:com.testrun.CucumberRunner@f0c8a99]" started-at="2023-06-27T16:24:24 EDT" name="runScenario" description="Runs Cucumber Scenarios" data-provider="scenarios" finished-at="2023-06-27T16:24:28 EDT" duration-ms="4502" status="PASS">
          <params>
            <param index="0">
              <value>
                <![CDATA["Check login with valid credentials"]]>
              </value>
            </param>
            <param index="1">
              <value>
                <![CDATA["Login function test"]]>
              </value>
            </param>
          </params>
          <reporter-output>
          </reporter-output>
        </test-method> <!-- runScenario -->
        <test-method signature="runScenario(io.cucumber.testng.PickleWrapper,io.cucumber.testng.FeatureWrapper)[pri:0, instance:com.testrun.CucumberRunner@f0c8a99]" started-at="2023-06-27T16:24:28 EDT" name="runScenario" description="Runs Cucumber Scenarios" data-provider="scenarios" finished-at="2023-06-27T16:24:31 EDT" duration-ms="2654" status="PASS">
          <params>
            <param index="0">
              <value>
                <![CDATA["Check login with invalid credentials"]]>
              </value>
            </param>
            <param index="1">
              <value>
                <![CDATA["Login function test"]]>
              </value>
            </param>
          </params>
          <reporter-output>
          </reporter-output>
        </test-method> <!-- runScenario -->
        <test-method signature="runScenario(io.cucumber.testng.PickleWrapper,io.cucumber.testng.FeatureWrapper)[pri:0, instance:com.testrun.CucumberRunner@f0c8a99]" started-at="2023-06-27T16:24:31 EDT" name="runScenario" description="Runs Cucumber Scenarios" data-provider="scenarios" finished-at="2023-06-27T16:24:34 EDT" duration-ms="3329" status="PASS">
          <params>
            <param index="0">
              <value>
                <![CDATA["Check login with null credentials"]]>
              </value>
            </param>
            <param index="1">
              <value>
                <![CDATA["Login function test"]]>
              </value>
            </param>
          </params>
          <reporter-output>
          </reporter-output>
        </test-method> <!-- runScenario -->
        <test-method is-config="true" signature="tearDownClass()[pri:0, instance:com.testrun.CucumberRunner@f0c8a99]" started-at="2023-06-27T16:24:34 EDT" name="tearDownClass" finished-at="2023-06-27T16:24:35 EDT" duration-ms="362" status="PASS">
          <reporter-output>
          </reporter-output>
        </test-method> <!-- tearDownClass -->
        <test-method is-config="true" signature="tearDown()[pri:0, instance:com.testrun.CucumberRunner@f0c8a99]" started-at="2023-06-27T16:24:35 EDT" name="tearDown" finished-at="2023-06-27T16:24:35 EDT" duration-ms="1" status="PASS">
          <reporter-output>
          </reporter-output>
        </test-method> <!-- tearDown -->
      </class> <!-- com.testrun.CucumberRunner -->
    </test> <!-- Test -->
  </suite> <!-- Suite -->
</testng-results>
